<?xml version="1.0" encoding="UTF-8"?>
<testng-results skipped="0" failed="0" total="1" passed="1">
  <reporter-output>
  </reporter-output>
  <suite name="Default suite" duration-ms="15252" started-at="2017-02-23T20:17:43Z" finished-at="2017-02-23T20:17:59Z">
    <groups>
    </groups>
    <test name="Default test" duration-ms="15252" started-at="2017-02-23T20:17:43Z" finished-at="2017-02-23T20:17:59Z">
      <class name="testcases.LoginNegative">
        <test-method status="PASS" signature="startBrowserBaseClass()[pri:0, instance:testcases.LoginNegative@c4039c]" name="startBrowserBaseClass" is-config="true" duration-ms="8736" started-at="2017-02-23T15:17:43Z" finished-at="2017-02-23T15:17:52Z">
          <reporter-output>
          </reporter-output>
        </test-method> <!-- startBrowserBaseClass -->
        <test-method status="PASS" signature="setUp()[pri:0, instance:testcases.LoginNegative@c4039c]" name="setUp" is-config="true" duration-ms="2" started-at="2017-02-23T15:17:52Z" finished-at="2017-02-23T15:17:52Z">
          <reporter-output>
          </reporter-output>
        </test-method> <!-- setUp -->
        <test-method status="PASS" signature="verifyLogin()[pri:0, instance:testcases.LoginNegative@c4039c]" name="verifyLogin" duration-ms="5167" started-at="2017-02-23T15:17:52Z" finished-at="2017-02-23T15:17:57Z">
          <reporter-output>
          </reporter-output>
        </test-method> <!-- verifyLogin -->
        <test-method status="PASS" signature="tearDown(org.testng.ITestResult)[pri:0, instance:testcases.LoginNegative@c4039c]" name="tearDown" is-config="true" duration-ms="5" started-at="2017-02-23T15:17:57Z" finished-at="2017-02-23T15:17:57Z">
          <params>
            <param index="0">
              <value>
                <![CDATA[[TestResult name=verifyLogin status=SUCCESS method=LoginNegative.verifyLogin()[pri:0, instance:testcases.LoginNegative@c4039c] output={null}]]]>
              </value>
            </param>
          </params>
          <reporter-output>
          </reporter-output>
        </test-method> <!-- tearDown -->
        <test-method status="PASS" signature="closeBrowser()[pri:0, instance:testcases.LoginNegative@c4039c]" name="closeBrowser" is-config="true" duration-ms="1307" started-at="2017-02-23T15:17:57Z" finished-at="2017-02-23T15:17:59Z">
          <reporter-output>
          </reporter-output>
        </test-method> <!-- closeBrowser -->
      </class> <!-- testcases.LoginNegative -->
    </test> <!-- Default test -->
  </suite> <!-- Default suite -->
</testng-results>
