<?xml version="1.0" encoding="UTF-8"?>
<testng-results skipped="0" failed="0" total="1" passed="1">
  <reporter-output>
  </reporter-output>
  <suite name="Suite" duration-ms="40763" started-at="2017-02-25T16:05:38Z" finished-at="2017-02-25T16:06:19Z">
    <groups>
    </groups>
    <test name="Test" duration-ms="40763" started-at="2017-02-25T16:05:38Z" finished-at="2017-02-25T16:06:19Z">
      <class name="testcases.LoginTestCase4">
        <test-method status="PASS" signature="startBrowserBaseClass()[pri:0, instance:testcases.LoginTestCase4@1adae5d]" name="startBrowserBaseClass" is-config="true" duration-ms="25310" started-at="2017-02-25T11:05:38Z" finished-at="2017-02-25T11:06:03Z">
          <reporter-output>
          </reporter-output>
        </test-method> <!-- startBrowserBaseClass -->
        <test-method status="PASS" signature="setUp()[pri:0, instance:testcases.LoginTestCase4@1adae5d]" name="setUp" is-config="true" duration-ms="6" started-at="2017-02-25T11:06:03Z" finished-at="2017-02-25T11:06:03Z">
          <reporter-output>
          </reporter-output>
        </test-method> <!-- setUp -->
        <test-method status="PASS" signature="verifyLogin()[pri:0, instance:testcases.LoginTestCase4@1adae5d]" name="verifyLogin" duration-ms="13177" started-at="2017-02-25T11:06:03Z" finished-at="2017-02-25T11:06:17Z">
          <reporter-output>
          </reporter-output>
        </test-method> <!-- verifyLogin -->
        <test-method status="PASS" signature="tearDown(org.testng.ITestResult)[pri:0, instance:testcases.LoginTestCase4@1adae5d]" name="tearDown" is-config="true" duration-ms="6" started-at="2017-02-25T11:06:17Z" finished-at="2017-02-25T11:06:17Z">
          <params>
            <param index="0">
              <value>
                <![CDATA[[TestResult name=verifyLogin status=SUCCESS method=LoginTestCase4.verifyLogin()[pri:0, instance:testcases.LoginTestCase4@1adae5d] output={null}]]]>
              </value>
            </param>
          </params>
          <reporter-output>
          </reporter-output>
        </test-method> <!-- tearDown -->
        <test-method status="PASS" signature="closeBrowser()[pri:0, instance:testcases.LoginTestCase4@1adae5d]" name="closeBrowser" is-config="true" duration-ms="2221" started-at="2017-02-25T11:06:17Z" finished-at="2017-02-25T11:06:19Z">
          <reporter-output>
          </reporter-output>
        </test-method> <!-- closeBrowser -->
      </class> <!-- testcases.LoginTestCase4 -->
    </test> <!-- Test -->
  </suite> <!-- Suite -->
</testng-results>
